Using pre-set license
Built from '2020.3/staging' branch; Version is '2020.3.4f1 (0abb6314276a) revision 703331'; Using compiler version '192528614'; Build Type 'Release'
OS: 'Windows 10 Pro; OS build 19044.1348; Version 2009; 64bit' Language: 'de' Physical Memory: 65426 MB
BatchMode: 1, IsHumanControllingUs: 0, StartBugReporterOnCrash: 0, Is64bit: 1, IsPro: 0

 COMMAND LINE ARGUMENTS:
C:\Program Files\Unity\Hub\Editor\2020.3.4f1\Editor\Unity.exe
-adb2
-batchMode
-noUpm
-name
AssetImportWorker0
-projectPath
X:/Unity_Projekte/2021_12_11_FotoVR_V04
-logFile
Logs/AssetImportWorker0.log
-srvPort
49581
Successfully changed project path to: X:/Unity_Projekte/2021_12_11_FotoVR_V04
X:/Unity_Projekte/2021_12_11_FotoVR_V04
Using Asset Import Pipeline V2.
Refreshing native plugins compatible for Editor in 83.05 ms, found 6 plugins.
Preloading 1 native plugins for Editor in 0.56 ms.
Initialize engine version: 2020.3.4f1 (0abb6314276a)
[Subsystems] Discovering subsystems at path C:/Program Files/Unity/Hub/Editor/2020.3.4f1/Editor/Data/Resources/UnitySubsystems
[Subsystems] Discovering subsystems at path X:/Unity_Projekte/2021_12_11_FotoVR_V04/Assets
GfxDevice: creating device client; threaded=0
Direct3D:
    Version:  Direct3D 11.0 [level 11.1]
    Renderer: Radeon RX 580 Series (ID=0x67df)
    Vendor:   
    VRAM:     8171 MB
    Driver:   30.0.13025.5005
Initialize mono
Mono path[0] = 'C:/Program Files/Unity/Hub/Editor/2020.3.4f1/Editor/Data/Managed'
Mono path[1] = 'C:/Program Files/Unity/Hub/Editor/2020.3.4f1/Editor/Data/MonoBleedingEdge/lib/mono/unityjit'
Mono config path = 'C:/Program Files/Unity/Hub/Editor/2020.3.4f1/Editor/Data/MonoBleedingEdge/etc'
Using monoOptions --debugger-agent=transport=dt_socket,embedding=1,server=y,suspend=n,address=127.0.0.1:56736
Begin MonoManager ReloadAssembly
Registering precompiled unity dll's ...
Register platform support module: C:/Program Files/Unity/Hub/Editor/2020.3.4f1/Editor/Data/PlaybackEngines/WebGLSupport/UnityEditor.WebGL.Extensions.dll
Register platform support module: C:/Program Files/Unity/Hub/Editor/2020.3.4f1/Editor/Data/PlaybackEngines/WindowsStandaloneSupport/UnityEditor.WindowsStandalone.Extensions.dll
Registered in 0.001970 seconds.
Native extension for WindowsStandalone target not found
Native extension for WebGL target not found
Refreshing native plugins compatible for Editor in 85.47 ms, found 6 plugins.
Preloading 1 native plugins for Editor in 0.06 ms.
Mono: successfully reloaded assembly
- Completed reload, in  0.915 seconds
Platform modules already initialized, skipping
Registering precompiled user dll's ...
Registered in 0.003071 seconds.
Begin MonoManager ReloadAssembly
Native extension for WindowsStandalone target not found
Native extension for WebGL target not found
Refreshing native plugins compatible for Editor in 85.96 ms, found 6 plugins.
Preloading 1 native plugins for Editor in 0.07 ms.
Mono: successfully reloaded assembly
- Completed reload, in  2.135 seconds
Platform modules already initialized, skipping
========================================================================
Worker process is ready to serve import requests
Launched and connected shader compiler UnityShaderCompiler.exe after 0.03 seconds
Refreshing native plugins compatible for Editor in 0.88 ms, found 6 plugins.
Preloading 1 native plugins for Editor in 0.05 ms.
Unloading 5117 Unused Serialized files (Serialized files now loaded: 0)
System memory in use before: 276.3 MB.
System memory in use after: 272.8 MB.

Unloading 1282 unused Assets to reduce memory usage. Loaded Objects now: 5447.
Total: 6.956900 ms (FindLiveObjects: 0.854200 ms CreateObjectMapping: 0.523300 ms MarkObjects: 2.644600 ms  DeleteObjects: 2.933600 ms)

========================================================================
Received Import Request.
  path: Assets/Scripts/inputConsumer.cs
  artifactKey: Guid(a6c1baaccfd55a746b33bd82782f8f87) Importer(815301076,1909f56bfc062723c751e8b465ee728b)
Start importing Assets/Scripts/inputConsumer.cs using Guid(a6c1baaccfd55a746b33bd82782f8f87) Importer(815301076,1909f56bfc062723c751e8b465ee728b)  -> (artifact id: 'f80b5dd4e2bb5701758c20ffbc2bf0c8') in 0.027730 seconds
  Import took 0.035254 seconds .

========================================================================
Received Import Request.
  Time since last request: 38.062625 seconds.
  path: Assets/Scripts/inputConsumer.cs
  artifactKey: Guid(a6c1baaccfd55a746b33bd82782f8f87) Importer(815301076,1909f56bfc062723c751e8b465ee728b)
Start importing Assets/Scripts/inputConsumer.cs using Guid(a6c1baaccfd55a746b33bd82782f8f87) Importer(815301076,1909f56bfc062723c751e8b465ee728b)  -> (artifact id: 'c63ba5882886be1c121e91b6de1860f3') in 0.001035 seconds
  Import took 0.007265 seconds .

========================================================================
Received Prepare
Registering precompiled user dll's ...
Registered in 0.003522 seconds.
Begin MonoManager ReloadAssembly
Native extension for WindowsStandalone target not found
Native extension for WebGL target not found
Refreshing native plugins compatible for Editor in 1.31 ms, found 6 plugins.
Preloading 1 native plugins for Editor in 0.06 ms.
Error when attempting to update scene info fields. Scene info data may be stale.
UnityEngine.StackTraceUtility:ExtractStackTrace ()
UnityEngine.DebugLogHandler:LogFormat (UnityEngine.LogType,UnityEngine.Object,string,object[])
UnityEngine.Logger:Log (UnityEngine.LogType,object)
UnityEngine.Debug:LogWarning (object)
Microsoft.MixedReality.Toolkit.Editor.SceneInfoUtils:RefreshSceneInfoFieldsInScriptableObjects () (at Library/PackageCache/com.microsoft.mixedreality.toolkit.foundation@5e58ecbaee3a-1639141818285/Core/Inspectors/PropertyDrawers/SceneInfoUtils.cs:313)
Microsoft.MixedReality.Toolkit.Editor.SceneInfoUtils:InitializeOnLoad () (at Library/PackageCache/com.microsoft.mixedreality.toolkit.foundation@5e58ecbaee3a-1639141818285/Core/Inspectors/PropertyDrawers/SceneInfoUtils.cs:231)

(Filename: Library/PackageCache/com.microsoft.mixedreality.toolkit.foundation@5e58ecbaee3a-1639141818285/Core/Inspectors/PropertyDrawers/SceneInfoUtils.cs Line: 313)

Mono: successfully reloaded assembly
- Completed reload, in  1.612 seconds
Platform modules already initialized, skipping
Refreshing native plugins compatible for Editor in 0.90 ms, found 6 plugins.
Preloading 1 native plugins for Editor in 0.05 ms.
Unloading 4773 Unused Serialized files (Serialized files now loaded: 0)
System memory in use before: 259.6 MB.
System memory in use after: 255.1 MB.

Unloading 996 unused Assets to reduce memory usage. Loaded Objects now: 5451.
Total: 7.597800 ms (FindLiveObjects: 0.944000 ms CreateObjectMapping: 0.577000 ms MarkObjects: 2.044700 ms  DeleteObjects: 4.031100 ms)

========================================================================
Received Prepare
Registering precompiled user dll's ...
Registered in 0.003346 seconds.
Begin MonoManager ReloadAssembly
Native extension for WindowsStandalone target not found
Native extension for WebGL target not found
Refreshing native plugins compatible for Editor in 1.01 ms, found 6 plugins.
Preloading 1 native plugins for Editor in 0.05 ms.
Error when attempting to update scene info fields. Scene info data may be stale.
UnityEngine.StackTraceUtility:ExtractStackTrace ()
UnityEngine.DebugLogHandler:LogFormat (UnityEngine.LogType,UnityEngine.Object,string,object[])
UnityEngine.Logger:Log (UnityEngine.LogType,object)
UnityEngine.Debug:LogWarning (object)
Microsoft.MixedReality.Toolkit.Editor.SceneInfoUtils:RefreshSceneInfoFieldsInScriptableObjects () (at Library/PackageCache/com.microsoft.mixedreality.toolkit.foundation@5e58ecbaee3a-1639141818285/Core/Inspectors/PropertyDrawers/SceneInfoUtils.cs:313)
Microsoft.MixedReality.Toolkit.Editor.SceneInfoUtils:InitializeOnLoad () (at Library/PackageCache/com.microsoft.mixedreality.toolkit.foundation@5e58ecbaee3a-1639141818285/Core/Inspectors/PropertyDrawers/SceneInfoUtils.cs:231)

(Filename: Library/PackageCache/com.microsoft.mixedreality.toolkit.foundation@5e58ecbaee3a-1639141818285/Core/Inspectors/PropertyDrawers/SceneInfoUtils.cs Line: 313)

Mono: successfully reloaded assembly
- Completed reload, in  1.519 seconds
Platform modules already initialized, skipping
Refreshing native plugins compatible for Editor in 0.89 ms, found 6 plugins.
Preloading 1 native plugins for Editor in 0.04 ms.
Unloading 4773 Unused Serialized files (Serialized files now loaded: 0)
System memory in use before: 259.7 MB.
System memory in use after: 255.2 MB.

Unloading 996 unused Assets to reduce memory usage. Loaded Objects now: 5455.
Total: 6.998900 ms (FindLiveObjects: 0.536900 ms CreateObjectMapping: 0.330500 ms MarkObjects: 1.963600 ms  DeleteObjects: 4.167000 ms)

========================================================================
Received Prepare
Registering precompiled user dll's ...
Registered in 0.003332 seconds.
Begin MonoManager ReloadAssembly
Native extension for WindowsStandalone target not found
Native extension for WebGL target not found
Refreshing native plugins compatible for Editor in 0.94 ms, found 6 plugins.
Preloading 1 native plugins for Editor in 0.05 ms.
Error when attempting to update scene info fields. Scene info data may be stale.
UnityEngine.StackTraceUtility:ExtractStackTrace ()
UnityEngine.DebugLogHandler:LogFormat (UnityEngine.LogType,UnityEngine.Object,string,object[])
UnityEngine.Logger:Log (UnityEngine.LogType,object)
UnityEngine.Debug:LogWarning (object)
Microsoft.MixedReality.Toolkit.Editor.SceneInfoUtils:RefreshSceneInfoFieldsInScriptableObjects () (at Library/PackageCache/com.microsoft.mixedreality.toolkit.foundation@5e58ecbaee3a-1639141818285/Core/Inspectors/PropertyDrawers/SceneInfoUtils.cs:313)
Microsoft.MixedReality.Toolkit.Editor.SceneInfoUtils:InitializeOnLoad () (at Library/PackageCache/com.microsoft.mixedreality.toolkit.foundation@5e58ecbaee3a-1639141818285/Core/Inspectors/PropertyDrawers/SceneInfoUtils.cs:231)

(Filename: Library/PackageCache/com.microsoft.mixedreality.toolkit.foundation@5e58ecbaee3a-1639141818285/Core/Inspectors/PropertyDrawers/SceneInfoUtils.cs Line: 313)

Mono: successfully reloaded assembly
- Completed reload, in  1.662 seconds
Platform modules already initialized, skipping
Refreshing native plugins compatible for Editor in 0.90 ms, found 6 plugins.
Preloading 1 native plugins for Editor in 0.05 ms.
Unloading 4773 Unused Serialized files (Serialized files now loaded: 0)
System memory in use before: 259.8 MB.
System memory in use after: 255.2 MB.

Unloading 996 unused Assets to reduce memory usage. Loaded Objects now: 5459.
Total: 7.538100 ms (FindLiveObjects: 0.613800 ms CreateObjectMapping: 0.410400 ms MarkObjects: 2.223400 ms  DeleteObjects: 4.289300 ms)

========================================================================
Received Prepare
Registering precompiled user dll's ...
Registered in 0.003312 seconds.
Begin MonoManager ReloadAssembly
Native extension for WindowsStandalone target not found
Native extension for WebGL target not found
Refreshing native plugins compatible for Editor in 1.05 ms, found 6 plugins.
Preloading 1 native plugins for Editor in 0.07 ms.
Error when attempting to update scene info fields. Scene info data may be stale.
UnityEngine.StackTraceUtility:ExtractStackTrace ()
UnityEngine.DebugLogHandler:LogFormat (UnityEngine.LogType,UnityEngine.Object,string,object[])
UnityEngine.Logger:Log (UnityEngine.LogType,object)
UnityEngine.Debug:LogWarning (object)
Microsoft.MixedReality.Toolkit.Editor.SceneInfoUtils:RefreshSceneInfoFieldsInScriptableObjects () (at Library/PackageCache/com.microsoft.mixedreality.toolkit.foundation@5e58ecbaee3a-1639141818285/Core/Inspectors/PropertyDrawers/SceneInfoUtils.cs:313)
Microsoft.MixedReality.Toolkit.Editor.SceneInfoUtils:InitializeOnLoad () (at Library/PackageCache/com.microsoft.mixedreality.toolkit.foundation@5e58ecbaee3a-1639141818285/Core/Inspectors/PropertyDrawers/SceneInfoUtils.cs:231)

(Filename: Library/PackageCache/com.microsoft.mixedreality.toolkit.foundation@5e58ecbaee3a-1639141818285/Core/Inspectors/PropertyDrawers/SceneInfoUtils.cs Line: 313)

Mono: successfully reloaded assembly
- Completed reload, in  1.589 seconds
Platform modules already initialized, skipping
Refreshing native plugins compatible for Editor in 0.94 ms, found 6 plugins.
Preloading 1 native plugins for Editor in 0.06 ms.
Unloading 4773 Unused Serialized files (Serialized files now loaded: 0)
System memory in use before: 259.8 MB.
System memory in use after: 255.3 MB.

Unloading 996 unused Assets to reduce memory usage. Loaded Objects now: 5463.
Total: 7.473600 ms (FindLiveObjects: 0.666500 ms CreateObjectMapping: 0.540300 ms MarkObjects: 2.048900 ms  DeleteObjects: 4.216800 ms)

AssetImportWorkerClient::OnTransportError - code=2 error=End of file
